<?xml version="1.0" encoding="UTF-8"?>
<testsuites name="Amazon_Login_TestListener" time="12.038" tests="1" failures="0" errors="0">
   <testsuite name="Amazon_Login_TestListener" tests="1" failures="0" errors="0" time="12.038" skipped="0" timestamp="07-02-2024T11:04:14" hostname="Devanshi - DESKTOP-ORH760N" id="Test Suites/Amazon_Login_TestListener">
      <properties>
         <property name="deviceName" value=""/>
         <property name="devicePlatform" value=""/>
         <property name="logFolder" value="C:\\Users\\Devanshi\\git\\test\\Reports\\20240207_110409\\Amazon_Login_TestListener\\20240207_110410"/>
         <property name="logFiles" value="C:\\Users\\Devanshi\\git\\test\\Reports\\20240207_110409\\Amazon_Login_TestListener\\20240207_110410\\execution0.log"/>
         <property name="attachments" value=""/>
         <property name="hostName" value="Devanshi - DESKTOP-ORH760N"/>
         <property name="os" value="Windows 11 64bit"/>
         <property name="katalonVersion" value="9.1.0.212"/>
         <property name="browser" value="Chrome 121.0.0.0"/>
         <property name="hostAddress" value="192.168.1.3"/>
         <property name="sessionId" value="4a2c41333514f0a059040c82dd6737e4"/>
         <property name="seleniumVersion" value="3.141.59"/>
         <property name="proxyInformation" value="ProxyInformation { proxyOption=NO_PROXY, proxyServerType=HTTP, username=, password=********, proxyServerAddress=, proxyServerPort=0, executionList=&quot;&quot;, isApplyToDesiredCapabilities=true }"/>
         <property name="platform" value="Windows 11"/>
      </properties>
      <testcase name="Test Cases/Amazon/TC_001_Amazon_login" time="11.777" classname="Test Cases/Amazon/TC_001_Amazon_login" status="PASSED">
         <system-out><![CDATA[07-02-2024T11:04:14 - [TEST_CASE][PASSED] - Test Cases/Amazon/TC_001_Amazon_login: Test Cases/Amazon/TC_001_Amazon_login

07-02-2024T11:04:14 - [TEST_STEP][PASSED] - Start listener action : sampleBeforeTestCase: Navigate to 'https://www.amazon.in/' successfully

07-02-2024T11:04:14 - [TEST_STEP][PASSED] - openBrowser(""): Browser is opened with url: ''

07-02-2024T11:04:14 - [MESSAGE][INFO] - Starting 'Chrome' driver

07-02-2024T11:04:14 - [MESSAGE][INFO] - Action delay is set to 0 milliseconds

07-02-2024T11:04:16 - [MESSAGE][PASSED] - Browser is opened with url: ''

07-02-2024T11:04:16 - [TEST_STEP][PASSED] - navigateToUrl("https://www.amazon.in/"): Navigate to 'https://www.amazon.in/' successfully

07-02-2024T11:04:17 - [MESSAGE][PASSED] - Navigate to 'https://www.amazon.in/' successfully

07-02-2024T11:04:17 - [TEST_STEP][PASSED] - openBrowser(""): Browser is opened with url: ''

07-02-2024T11:04:17 - [MESSAGE][WARNING] - A browser is already opened. Closing browser and opening a new one

07-02-2024T11:04:17 - [MESSAGE][INFO] - Starting 'Chrome' driver

07-02-2024T11:04:17 - [MESSAGE][INFO] - Action delay is set to 0 milliseconds

07-02-2024T11:04:18 - [MESSAGE][PASSED] - Browser is opened with url: ''

07-02-2024T11:04:18 - [TEST_STEP][PASSED] - navigateToUrl("https://www.amazon.in/"): Navigate to 'https://www.amazon.in/' successfully

07-02-2024T11:04:19 - [MESSAGE][PASSED] - Navigate to 'https://www.amazon.in/' successfully

07-02-2024T11:04:19 - [TEST_STEP][PASSED] - click(findTestObject("Object Repository/Amazon_OR/Page_Online Shopping site in India Shop Onl_10c5f3/span_Sign in")): Object: 'Object Repository/Amazon_OR/Page_Online Shopping site in India Shop Onl_10c5f3/span_Sign in' is clicked on

07-02-2024T11:04:21 - [MESSAGE][PASSED] - Object: 'Object Repository/Amazon_OR/Page_Online Shopping site in India Shop Onl_10c5f3/span_Sign in' is clicked on

07-02-2024T11:04:21 - [TEST_STEP][PASSED] - setText(findTestObject("Object Repository/Amazon_OR/Page_Amazon Sign In/input_email"), username): Text 'rathoddevanshi1107@gmail.com' is set on object 'Object Repository/Amazon_OR/Page_Amazon Sign In/input_email'

07-02-2024T11:04:22 - [MESSAGE][PASSED] - Text 'rathoddevanshi1107@gmail.com' is set on object 'Object Repository/Amazon_OR/Page_Amazon Sign In/input_email'

07-02-2024T11:04:22 - [TEST_STEP][PASSED] - click(findTestObject("Object Repository/Amazon_OR/Page_Amazon Sign In/inputcontinue")): Object: 'Object Repository/Amazon_OR/Page_Amazon Sign In/inputcontinue' is clicked on

07-02-2024T11:04:24 - [MESSAGE][PASSED] - Object: 'Object Repository/Amazon_OR/Page_Amazon Sign In/inputcontinue' is clicked on

07-02-2024T11:04:24 - [TEST_STEP][PASSED] - setText(findTestObject("Object Repository/Amazon_OR/Page_Amazon Sign In/input_password"), password): Text 'Devanshi@1107' is set on object 'Object Repository/Amazon_OR/Page_Amazon Sign In/input_password'

07-02-2024T11:04:25 - [MESSAGE][PASSED] - Text 'Devanshi@1107' is set on object 'Object Repository/Amazon_OR/Page_Amazon Sign In/input_password'

07-02-2024T11:04:25 - [TEST_STEP][PASSED] - click(findTestObject("Object Repository/Amazon_OR/Page_Amazon Sign In/inputsignInSubmit")): Object: 'Object Repository/Amazon_OR/Page_Amazon Sign In/inputsignInSubmit' is clicked on

07-02-2024T11:04:25 - [MESSAGE][PASSED] - Object: 'Object Repository/Amazon_OR/Page_Amazon Sign In/inputsignInSubmit' is clicked on

07-02-2024T11:04:25 - [TEST_STEP][PASSED] - closeBrowser(): Browser is closed

07-02-2024T11:04:26 - [MESSAGE][PASSED] - Browser is closed

07-02-2024T11:04:26 - [TEST_STEP][PASSED] - Start listener action : sampleAfterTestCase: Browser is closed

07-02-2024T11:04:26 - [TEST_STEP][PASSED] - closeBrowser(): Browser is closed

07-02-2024T11:04:26 - [MESSAGE][PASSED] - Browser is closed]]></system-out>
         <system-err><![CDATA[]]></system-err>
      </testcase>
      <system-out><![CDATA[07-02-2024T11:04:14 - [TEST_SUITE][PASSED] - Amazon_Login_TestListener: Test Cases/Amazon/TC_001_Amazon_login]]></system-out>
      <system-err><![CDATA[]]></system-err>
   </testsuite>
</testsuites>
